app/build/outputs/logs/manifest-merger-debug-report.txt
-- Merging decision tree log ---
manifest
ADDED from src\main\AndroidManifest.xml:2:1-41:12
	package
		ADDED from src\main\AndroidManifest.xml:3:5-39
		INJECTED from src\main\AndroidManifest.xml
		INJECTED from src\main\AndroidManifest.xml
	android:versionName
		ADDED from src\main\AndroidManifest.xml:5:5-30
		INJECTED from src\main\AndroidManifest.xml
		INJECTED from src\main\AndroidManifest.xml
	android:versionCode
		ADDED from src\main\AndroidManifest.xml:4:5-28
		INJECTED from src\main\AndroidManifest.xml
		INJECTED from src\main\AndroidManifest.xml
	xmlns:android
		ADDED from src\main\AndroidManifest.xml:2:11-69
uses-permission#android.permission.BLUETOOTH
ADDED from src\main\AndroidManifest.xml:7:5-68
	android:name
		ADDED from src\main\AndroidManifest.xml:7:22-65
uses-permission#android.permission.BLUETOOTH_ADMIN
ADDED from src\main\AndroidManifest.xml:8:5-74
	android:name
		ADDED from src\main\AndroidManifest.xml:8:22-71
uses-permission#android.permission.INTERNET
ADDED from src\main\AndroidManifest.xml:9:5-67
MERGED from [com.crashlytics.sdk.android:crashlytics:2.5.5] AndroidManifest.xml:9:5-67
MERGED from [com.crashlytics.sdk.android:answers:1.3.6] AndroidManifest.xml:9:5-67
MERGED from [io.fabric.sdk.android:fabric:1.3.10] AndroidManifest.xml:25:5-67
MERGED from [com.crashlytics.sdk.android:crashlytics-core:2.3.8] AndroidManifest.xml:9:5-67
MERGED from [com.crashlytics.sdk.android:answers:1.3.6] AndroidManifest.xml:9:5-67
MERGED from [io.fabric.sdk.android:fabric:1.3.10] AndroidManifest.xml:25:5-67
MERGED from [io.fabric.sdk.android:fabric:1.3.10] AndroidManifest.xml:25:5-67
MERGED from [io.fabric.sdk.android:fabric:1.3.10] AndroidManifest.xml:25:5-67
MERGED from [com.crashlytics.sdk.android:beta:1.1.4] AndroidManifest.xml:9:5-67
	android:name
		ADDED from src\main\AndroidManifest.xml:9:22-64
uses-permission#android.permission.ACCESS_COARSE_LOCATION
ADDED from src\main\AndroidManifest.xml:10:5-81
	android:name
		ADDED from src\main\AndroidManifest.xml:10:22-78
uses-permission#android.permission.WRITE_EXTERNAL_STORAGE
ADDED from src\main\AndroidManifest.xml:11:5-81
	android:name
		ADDED from src\main\AndroidManifest.xml:11:22-78
application
ADDED from src\main\AndroidManifest.xml:13:5-39:19
MERGED from [com.android.support:support-v4:23.1.1] AndroidManifest.xml:22:5-20
MERGED from [com.android.support:appcompat-v7:23.1.1] AndroidManifest.xml:22:5-20
MERGED from [com.android.support:support-v4:23.1.1] AndroidManifest.xml:22:5-20
MERGED from [com.crashlytics.sdk.android:crashlytics:2.5.5] AndroidManifest.xml:11:5-20
MERGED from [com.crashlytics.sdk.android:answers:1.3.6] AndroidManifest.xml:11:5-20
MERGED from [io.fabric.sdk.android:fabric:1.3.10] AndroidManifest.xml:27:5-20
MERGED from [com.crashlytics.sdk.android:crashlytics-core:2.3.8] AndroidManifest.xml:11:5-20
MERGED from [com.crashlytics.sdk.android:answers:1.3.6] AndroidManifest.xml:11:5-20
MERGED from [io.fabric.sdk.android:fabric:1.3.10] AndroidManifest.xml:27:5-20
MERGED from [io.fabric.sdk.android:fabric:1.3.10] AndroidManifest.xml:27:5-20
MERGED from [io.fabric.sdk.android:fabric:1.3.10] AndroidManifest.xml:27:5-20
MERGED from [com.crashlytics.sdk.android:beta:1.1.4] AndroidManifest.xml:11:5-20
MERGED from [com.android.support:cardview-v7:23.0.1] AndroidManifest.xml:22:5-20
MERGED from [com.google.android.gms:play-services-appindexing:8.1.0] AndroidManifest.xml:19:5-20
MERGED from [com.google.android.gms:play-services-basement:8.1.0] AndroidManifest.xml:20:5-24:19
MERGED from [com.android.support:support-v4:23.1.1] AndroidManifest.xml:22:5-20
	android:label
		ADDED from src\main\AndroidManifest.xml:16:9-41
	android:allowBackup
		ADDED from src\main\AndroidManifest.xml:14:9-35
	android:icon
		ADDED from src\main\AndroidManifest.xml:15:9-43
	android:largeHeap
		ADDED from src\main\AndroidManifest.xml:18:9-33
	android:theme
		ADDED from src\main\AndroidManifest.xml:17:9-40
activity#com.inveitix.ticketprint.ui.MainActivity
ADDED from src\main\AndroidManifest.xml:19:9-28:20
	android:screenOrientation
		ADDED from src\main\AndroidManifest.xml:22:13-49
	android:label
		ADDED from src\main\AndroidManifest.xml:21:13-45
	android:name
		ADDED from src\main\AndroidManifest.xml:20:13-68
intent-filter#android.intent.action.MAIN+android.intent.category.LAUNCHER
ADDED from src\main\AndroidManifest.xml:23:13-27:29
action#android.intent.action.MAIN
ADDED from src\main\AndroidManifest.xml:24:17-69
	android:name
		ADDED from src\main\AndroidManifest.xml:24:25-66
category#android.intent.category.LAUNCHER
ADDED from src\main\AndroidManifest.xml:26:17-77
	android:name
		ADDED from src\main\AndroidManifest.xml:26:27-74
activity#com.inveitix.ticketprint.ui.DeviceListActivity
ADDED from src\main\AndroidManifest.xml:29:9-32:59
	android:label
		ADDED from src\main\AndroidManifest.xml:31:13-50
	android:theme
		ADDED from src\main\AndroidManifest.xml:32:13-56
	android:name
		ADDED from src\main\AndroidManifest.xml:30:13-74
meta-data#io.fabric.ApiKey
ADDED from src\main\AndroidManifest.xml:33:9-35:72
	android:value
		ADDED from src\main\AndroidManifest.xml:35:13-69
	android:name
		ADDED from src\main\AndroidManifest.xml:34:13-44
meta-data#com.google.android.gms.version
ADDED from src\main\AndroidManifest.xml:36:9-38:69
MERGED from [com.google.android.gms:play-services-basement:8.1.0] AndroidManifest.xml:21:9-23:69
	android:value
		ADDED from src\main\AndroidManifest.xml:38:13-66
	android:name
		ADDED from src\main\AndroidManifest.xml:37:13-58
uses-sdk
INJECTED from src\main\AndroidManifest.xml reason: use-sdk injection requested
MERGED from [com.android.support:support-v4:23.1.1] AndroidManifest.xml:20:5-43
MERGED from [com.android.support:appcompat-v7:23.1.1] AndroidManifest.xml:20:5-43
MERGED from [com.android.support:support-v4:23.1.1] AndroidManifest.xml:20:5-43
MERGED from [com.crashlytics.sdk.android:crashlytics:2.5.5] AndroidManifest.xml:7:5-43
MERGED from [com.crashlytics.sdk.android:answers:1.3.6] AndroidManifest.xml:7:5-43
MERGED from [io.fabric.sdk.android:fabric:1.3.10] AndroidManifest.xml:23:5-43
MERGED from [com.crashlytics.sdk.android:crashlytics-core:2.3.8] AndroidManifest.xml:7:5-43
MERGED from [com.crashlytics.sdk.android:answers:1.3.6] AndroidManifest.xml:7:5-43
MERGED from [io.fabric.sdk.android:fabric:1.3.10] AndroidManifest.xml:23:5-43
MERGED from [io.fabric.sdk.android:fabric:1.3.10] AndroidManifest.xml:23:5-43
MERGED from [io.fabric.sdk.android:fabric:1.3.10] AndroidManifest.xml:23:5-43
MERGED from [com.crashlytics.sdk.android:beta:1.1.4] AndroidManifest.xml:7:5-43
MERGED from [com.android.support:cardview-v7:23.0.1] AndroidManifest.xml:20:5-43
MERGED from [com.google.android.gms:play-services-appindexing:8.1.0] AndroidManifest.xml:18:5-42
MERGED from [com.google.android.gms:play-services-basement:8.1.0] AndroidManifest.xml:18:5-42
MERGED from [com.android.support:support-v4:23.1.1] AndroidManifest.xml:20:5-43
	android:targetSdkVersion
		INJECTED from src\main\AndroidManifest.xml
		INJECTED from src\main\AndroidManifest.xml
	android:minSdkVersion
		INJECTED from src\main\AndroidManifest.xml
		INJECTED from src\main\AndroidManifest.xml